<?xml version="1.0" encoding="UTF-8"?>
<!-- Generated by org.testng.reporters.JUnitReportReporter -->
<testsuite hostname="SEDTS-L0E8-2WR4" failures="0" tests="2" name="utahdemo.demo.TestU" time="24.798" errors="0" timestamp="2020-12-01T10:15:20 MST" skipped="0">
  <testcase classname="utahdemo.demo.TestU" name="demoTest" time="12.525"/>
  <system-out/>
  <testcase classname="utahdemo.demo.TestU" name="demoTest" time="12.273"/>
  <system-out/>
</testsuite> <!-- utahdemo.demo.TestU -->
