<?xml version="1.0" encoding="UTF-8"?>
<!-- Generated by org.testng.reporters.JUnitReportReporter -->
<testsuite hostname="SEDTS-L0E8-2WR4" failures="0" tests="2" name="utahdemo.demo.TestU" time="27.731" errors="0" timestamp="2020-12-01T11:03:53 MST" skipped="0">
  <testcase classname="utahdemo.demo.TestU" name="demoTest" time="15.899"/>
  <system-out/>
  <testcase classname="utahdemo.demo.TestU" name="demoTest" time="11.832"/>
  <system-out/>
</testsuite> <!-- utahdemo.demo.TestU -->
